<?xml version="1.0" encoding="UTF-8"?>
<!-- Generated by org.testng.reporters.JUnitXMLReporter -->
<testsuite ignored="0" hostname="DESKTOP-NI4MB26" failures="0" tests="1" name="Test(failed)" time="0.253" errors="0" timestamp="2022-12-22T17:50:56 IST">
  <testcase classname="testCases.BaseClass" name="@BeforeClass setup" time="-1.671711656284E9">
    <failure type="org.testng.TestNGException" message="
Parameter &amp;apos;browser&amp;apos; is required by BeforeClass on method setup but has not been marked @Optional or defined
in C:\Users\Public\regressiontesting\PipeLine\test-output\testng-failed.xml">
      <![CDATA[org.testng.TestNGException: 
Parameter 'browser' is required by BeforeClass on method setup but has not been marked @Optional or defined
in C:\Users\Public\regressiontesting\PipeLine\test-output\testng-failed.xml
at java.base/java.util.ArrayList.forEach(ArrayList.java:1511)
... Removed 22 stack frames]]>
    </failure>
  </testcase> <!-- @BeforeClass setup -->
  <testcase classname="testCases.BaseClass" name="@AfterClass tearDown" time="-1.671711656314E9">
    <skipped/>
  </testcase> <!-- @AfterClass tearDown -->
  <testcase classname="testCases.TC_09_Adminview" name="AdminView" time="0.0">
    <skipped/>
  </testcase> <!-- AdminView -->
</testsuite> <!-- Test(failed) -->
